{"/Users/kingsleyallen/Documents/sei/code/SDC-blueberry/questions-and-answers/db/models.js": {"path":"/Users/kingsleyallen/Documents/sei/code/SDC-blueberry/questions-and-answers/db/models.js","statementMap":{"0":{"start":{"line":1,"column":17},"end":{"line":1,"column":36}},"1":{"start":{"line":3,"column":24},"end":{"line":7,"column":1}},"2":{"start":{"line":9,"column":0},"end":{"line":12,"column":5}},"3":{"start":{"line":11,"column":4},"end":{"line":11,"column":55}},"4":{"start":{"line":14,"column":20},"end":{"line":16,"column":2}},"5":{"start":{"line":18,"column":21},"end":{"line":27,"column":2}},"6":{"start":{"line":29,"column":23},"end":{"line":38,"column":2}},"7":{"start":{"line":40,"column":17},"end":{"line":40,"column":59}},"8":{"start":{"line":46,"column":19},"end":{"line":81,"column":3}},"9":{"start":{"line":83,"column":2},"end":{"line":88,"column":3}},"10":{"start":{"line":84,"column":15},"end":{"line":84,"column":49}},"11":{"start":{"line":85,"column":4},"end":{"line":85,"column":16}},"12":{"start":{"line":87,"column":4},"end":{"line":87,"column":17}},"13":{"start":{"line":93,"column":19},"end":{"line":112,"column":3}},"14":{"start":{"line":114,"column":2},"end":{"line":119,"column":3}},"15":{"start":{"line":115,"column":15},"end":{"line":115,"column":49}},"16":{"start":{"line":116,"column":4},"end":{"line":116,"column":16}},"17":{"start":{"line":118,"column":4},"end":{"line":118,"column":17}},"18":{"start":{"line":124,"column":2},"end":{"line":135,"column":3}},"19":{"start":{"line":125,"column":24},"end":{"line":130,"column":6}},"20":{"start":{"line":131,"column":19},"end":{"line":131,"column":43}},"21":{"start":{"line":132,"column":4},"end":{"line":132,"column":11}},"22":{"start":{"line":134,"column":4},"end":{"line":134,"column":17}},"23":{"start":{"line":139,"column":2},"end":{"line":163,"column":3}},"24":{"start":{"line":141,"column":4},"end":{"line":141,"column":53}},"25":{"start":{"line":142,"column":27},"end":{"line":142,"column":62}},"26":{"start":{"line":144,"column":22},"end":{"line":148,"column":6}},"27":{"start":{"line":150,"column":4},"end":{"line":156,"column":7}},"28":{"start":{"line":151,"column":23},"end":{"line":153,"column":8}},"29":{"start":{"line":154,"column":6},"end":{"line":154,"column":38}},"30":{"start":{"line":155,"column":6},"end":{"line":155,"column":36}},"31":{"start":{"line":158,"column":4},"end":{"line":158,"column":43}},"32":{"start":{"line":159,"column":19},"end":{"line":159,"column":46}},"33":{"start":{"line":160,"column":4},"end":{"line":160,"column":11}},"34":{"start":{"line":162,"column":4},"end":{"line":162,"column":17}},"35":{"start":{"line":167,"column":2},"end":{"line":175,"column":3}},"36":{"start":{"line":168,"column":4},"end":{"line":168,"column":53}},"37":{"start":{"line":169,"column":26},"end":{"line":169,"column":69}},"38":{"start":{"line":170,"column":4},"end":{"line":170,"column":80}},"39":{"start":{"line":171,"column":19},"end":{"line":171,"column":45}},"40":{"start":{"line":172,"column":4},"end":{"line":172,"column":11}},"41":{"start":{"line":174,"column":4},"end":{"line":174,"column":17}},"42":{"start":{"line":179,"column":2},"end":{"line":187,"column":3}},"43":{"start":{"line":180,"column":4},"end":{"line":180,"column":53}},"44":{"start":{"line":181,"column":26},"end":{"line":181,"column":69}},"45":{"start":{"line":182,"column":4},"end":{"line":182,"column":34}},"46":{"start":{"line":183,"column":19},"end":{"line":183,"column":45}},"47":{"start":{"line":184,"column":4},"end":{"line":184,"column":11}},"48":{"start":{"line":186,"column":4},"end":{"line":186,"column":17}},"49":{"start":{"line":191,"column":2},"end":{"line":199,"column":3}},"50":{"start":{"line":192,"column":19},"end":{"line":195,"column":5}},"51":{"start":{"line":196,"column":4},"end":{"line":196,"column":11}},"52":{"start":{"line":198,"column":4},"end":{"line":198,"column":17}},"53":{"start":{"line":203,"column":2},"end":{"line":211,"column":3}},"54":{"start":{"line":204,"column":19},"end":{"line":207,"column":5}},"55":{"start":{"line":208,"column":4},"end":{"line":208,"column":11}},"56":{"start":{"line":210,"column":4},"end":{"line":210,"column":17}},"57":{"start":{"line":214,"column":0},"end":{"line":223,"column":2}}},"fnMap":{"0":{"name":"(anonymous_0)","decl":{"start":{"line":10,"column":9},"end":{"line":10,"column":10}},"loc":{"start":{"line":10,"column":16},"end":{"line":12,"column":3}},"line":10},"1":{"name":"listQuestions","decl":{"start":{"line":44,"column":15},"end":{"line":44,"column":28}},"loc":{"start":{"line":44,"column":54},"end":{"line":89,"column":1}},"line":44},"2":{"name":"listAnswers","decl":{"start":{"line":91,"column":15},"end":{"line":91,"column":26}},"loc":{"start":{"line":91,"column":53},"end":{"line":121,"column":1}},"line":91},"3":{"name":"addQuestion","decl":{"start":{"line":123,"column":15},"end":{"line":123,"column":26}},"loc":{"start":{"line":123,"column":44},"end":{"line":136,"column":1}},"line":123},"4":{"name":"addAnswer","decl":{"start":{"line":138,"column":15},"end":{"line":138,"column":24}},"loc":{"start":{"line":138,"column":52},"end":{"line":164,"column":1}},"line":138},"5":{"name":"(anonymous_5)","decl":{"start":{"line":150,"column":33},"end":{"line":150,"column":34}},"loc":{"start":{"line":150,"column":40},"end":{"line":156,"column":5}},"line":150},"6":{"name":"markQuestionHelpful","decl":{"start":{"line":166,"column":15},"end":{"line":166,"column":34}},"loc":{"start":{"line":166,"column":47},"end":{"line":176,"column":1}},"line":166},"7":{"name":"reportQuestion","decl":{"start":{"line":178,"column":15},"end":{"line":178,"column":29}},"loc":{"start":{"line":178,"column":42},"end":{"line":188,"column":1}},"line":178},"8":{"name":"markAnswerHelpful","decl":{"start":{"line":190,"column":15},"end":{"line":190,"column":32}},"loc":{"start":{"line":190,"column":43},"end":{"line":200,"column":1}},"line":190},"9":{"name":"reportAnswer","decl":{"start":{"line":202,"column":15},"end":{"line":202,"column":27}},"loc":{"start":{"line":202,"column":38},"end":{"line":212,"column":1}},"line":202}},"branchMap":{},"s":{"0":1,"1":1,"2":1,"3":0,"4":1,"5":1,"6":1,"7":1,"8":1,"9":1,"10":1,"11":1,"12":0,"13":0,"14":0,"15":0,"16":0,"17":0,"18":0,"19":0,"20":0,"21":0,"22":0,"23":0,"24":0,"25":0,"26":0,"27":0,"28":0,"29":0,"30":0,"31":0,"32":0,"33":0,"34":0,"35":0,"36":0,"37":0,"38":0,"39":0,"40":0,"41":0,"42":0,"43":0,"44":0,"45":0,"46":0,"47":0,"48":0,"49":0,"50":0,"51":0,"52":0,"53":0,"54":0,"55":0,"56":0,"57":1},"f":{"0":0,"1":1,"2":0,"3":0,"4":0,"5":0,"6":0,"7":0,"8":0,"9":0},"b":{},"_coverageSchema":"1a1c01bbd47fc00a2c39e90264f33305004495a9","hash":"8aaf2c6b888fc3965104bd7ded57fbb6c8b172fa"}
,"/Users/kingsleyallen/Documents/sei/code/SDC-blueberry/questions-and-answers/server/api.js": {"path":"/Users/kingsleyallen/Documents/sei/code/SDC-blueberry/questions-and-answers/server/api.js","statementMap":{"0":{"start":{"line":1,"column":16},"end":{"line":1,"column":34}},"1":{"start":{"line":2,"column":12},"end":{"line":2,"column":21}},"2":{"start":{"line":3,"column":19},"end":{"line":3,"column":41}},"3":{"start":{"line":4,"column":11},"end":{"line":4,"column":37}},"4":{"start":{"line":6,"column":0},"end":{"line":6,"column":51}},"5":{"start":{"line":7,"column":0},"end":{"line":7,"column":26}},"6":{"start":{"line":10,"column":0},"end":{"line":21,"column":3}},"7":{"start":{"line":11,"column":2},"end":{"line":20,"column":3}},"8":{"start":{"line":12,"column":20},"end":{"line":12,"column":28}},"9":{"start":{"line":13,"column":29},"end":{"line":13,"column":62}},"10":{"start":{"line":14,"column":23},"end":{"line":14,"column":25}},"11":{"start":{"line":15,"column":4},"end":{"line":15,"column":40}},"12":{"start":{"line":16,"column":4},"end":{"line":16,"column":44}},"13":{"start":{"line":17,"column":4},"end":{"line":17,"column":27}},"14":{"start":{"line":19,"column":4},"end":{"line":19,"column":15}},"15":{"start":{"line":25,"column":0},"end":{"line":38,"column":3}},"16":{"start":{"line":26,"column":2},"end":{"line":37,"column":3}},"17":{"start":{"line":27,"column":20},"end":{"line":27,"column":40}},"18":{"start":{"line":28,"column":21},"end":{"line":28,"column":43}},"19":{"start":{"line":29,"column":23},"end":{"line":29,"column":46}},"20":{"start":{"line":30,"column":29},"end":{"line":30,"column":88}},"21":{"start":{"line":31,"column":23},"end":{"line":31,"column":25}},"22":{"start":{"line":32,"column":4},"end":{"line":32,"column":40}},"23":{"start":{"line":33,"column":4},"end":{"line":33,"column":44}},"24":{"start":{"line":34,"column":4},"end":{"line":34,"column":27}},"25":{"start":{"line":36,"column":4},"end":{"line":36,"column":15}},"26":{"start":{"line":41,"column":0},"end":{"line":56,"column":3}},"27":{"start":{"line":42,"column":2},"end":{"line":55,"column":3}},"28":{"start":{"line":43,"column":21},"end":{"line":43,"column":43}},"29":{"start":{"line":44,"column":21},"end":{"line":44,"column":43}},"30":{"start":{"line":45,"column":23},"end":{"line":45,"column":46}},"31":{"start":{"line":46,"column":28},"end":{"line":46,"column":86}},"32":{"start":{"line":47,"column":23},"end":{"line":47,"column":25}},"33":{"start":{"line":48,"column":4},"end":{"line":48,"column":39}},"34":{"start":{"line":49,"column":4},"end":{"line":49,"column":35}},"35":{"start":{"line":50,"column":4},"end":{"line":50,"column":38}},"36":{"start":{"line":51,"column":4},"end":{"line":51,"column":43}},"37":{"start":{"line":52,"column":4},"end":{"line":52,"column":27}},"38":{"start":{"line":54,"column":4},"end":{"line":54,"column":15}},"39":{"start":{"line":59,"column":0},"end":{"line":67,"column":3}},"40":{"start":{"line":60,"column":2},"end":{"line":66,"column":3}},"41":{"start":{"line":61,"column":26},"end":{"line":61,"column":34}},"42":{"start":{"line":62,"column":24},"end":{"line":62,"column":61}},"43":{"start":{"line":63,"column":4},"end":{"line":63,"column":27}},"44":{"start":{"line":65,"column":4},"end":{"line":65,"column":15}},"45":{"start":{"line":70,"column":0},"end":{"line":79,"column":3}},"46":{"start":{"line":71,"column":2},"end":{"line":78,"column":3}},"47":{"start":{"line":72,"column":21},"end":{"line":72,"column":43}},"48":{"start":{"line":73,"column":24},"end":{"line":73,"column":32}},"49":{"start":{"line":74,"column":22},"end":{"line":74,"column":67}},"50":{"start":{"line":75,"column":4},"end":{"line":75,"column":27}},"51":{"start":{"line":77,"column":4},"end":{"line":77,"column":15}},"52":{"start":{"line":82,"column":0},"end":{"line":90,"column":3}},"53":{"start":{"line":83,"column":2},"end":{"line":89,"column":3}},"54":{"start":{"line":84,"column":21},"end":{"line":84,"column":43}},"55":{"start":{"line":85,"column":27},"end":{"line":85,"column":67}},"56":{"start":{"line":86,"column":4},"end":{"line":86,"column":27}},"57":{"start":{"line":88,"column":4},"end":{"line":88,"column":15}},"58":{"start":{"line":93,"column":0},"end":{"line":101,"column":3}},"59":{"start":{"line":94,"column":2},"end":{"line":100,"column":3}},"60":{"start":{"line":95,"column":21},"end":{"line":95,"column":43}},"61":{"start":{"line":96,"column":27},"end":{"line":96,"column":62}},"62":{"start":{"line":97,"column":4},"end":{"line":97,"column":27}},"63":{"start":{"line":99,"column":4},"end":{"line":99,"column":15}},"64":{"start":{"line":104,"column":0},"end":{"line":112,"column":3}},"65":{"start":{"line":105,"column":2},"end":{"line":111,"column":3}},"66":{"start":{"line":106,"column":19},"end":{"line":106,"column":39}},"67":{"start":{"line":107,"column":27},"end":{"line":107,"column":63}},"68":{"start":{"line":108,"column":4},"end":{"line":108,"column":27}},"69":{"start":{"line":110,"column":4},"end":{"line":110,"column":15}},"70":{"start":{"line":115,"column":0},"end":{"line":123,"column":3}},"71":{"start":{"line":116,"column":2},"end":{"line":122,"column":3}},"72":{"start":{"line":117,"column":19},"end":{"line":117,"column":39}},"73":{"start":{"line":118,"column":27},"end":{"line":118,"column":58}},"74":{"start":{"line":119,"column":4},"end":{"line":119,"column":27}},"75":{"start":{"line":121,"column":4},"end":{"line":121,"column":15}},"76":{"start":{"line":126,"column":0},"end":{"line":128,"column":2}},"77":{"start":{"line":127,"column":2},"end":{"line":127,"column":44}},"78":{"start":{"line":131,"column":0},"end":{"line":139,"column":2}},"79":{"start":{"line":132,"column":2},"end":{"line":132,"column":28}},"80":{"start":{"line":133,"column":2},"end":{"line":133,"column":33}},"81":{"start":{"line":134,"column":2},"end":{"line":138,"column":4}},"82":{"start":{"line":142,"column":0},"end":{"line":142,"column":20}}},"fnMap":{"0":{"name":"(anonymous_0)","decl":{"start":{"line":10,"column":13},"end":{"line":10,"column":14}},"loc":{"start":{"line":10,"column":39},"end":{"line":21,"column":1}},"line":10},"1":{"name":"(anonymous_1)","decl":{"start":{"line":25,"column":25},"end":{"line":25,"column":26}},"loc":{"start":{"line":25,"column":51},"end":{"line":38,"column":1}},"line":25},"2":{"name":"(anonymous_2)","decl":{"start":{"line":41,"column":46},"end":{"line":41,"column":47}},"loc":{"start":{"line":41,"column":72},"end":{"line":56,"column":1}},"line":41},"3":{"name":"(anonymous_3)","decl":{"start":{"line":59,"column":26},"end":{"line":59,"column":27}},"loc":{"start":{"line":59,"column":52},"end":{"line":67,"column":1}},"line":59},"4":{"name":"(anonymous_4)","decl":{"start":{"line":70,"column":47},"end":{"line":70,"column":48}},"loc":{"start":{"line":70,"column":73},"end":{"line":79,"column":1}},"line":70},"5":{"name":"(anonymous_5)","decl":{"start":{"line":82,"column":46},"end":{"line":82,"column":47}},"loc":{"start":{"line":82,"column":72},"end":{"line":90,"column":1}},"line":82},"6":{"name":"(anonymous_6)","decl":{"start":{"line":93,"column":45},"end":{"line":93,"column":46}},"loc":{"start":{"line":93,"column":71},"end":{"line":101,"column":1}},"line":93},"7":{"name":"(anonymous_7)","decl":{"start":{"line":104,"column":42},"end":{"line":104,"column":43}},"loc":{"start":{"line":104,"column":68},"end":{"line":112,"column":1}},"line":104},"8":{"name":"(anonymous_8)","decl":{"start":{"line":115,"column":41},"end":{"line":115,"column":42}},"loc":{"start":{"line":115,"column":67},"end":{"line":123,"column":1}},"line":115},"9":{"name":"(anonymous_9)","decl":{"start":{"line":126,"column":8},"end":{"line":126,"column":9}},"loc":{"start":{"line":126,"column":34},"end":{"line":128,"column":1}},"line":126},"10":{"name":"(anonymous_10)","decl":{"start":{"line":131,"column":8},"end":{"line":131,"column":9}},"loc":{"start":{"line":131,"column":35},"end":{"line":139,"column":1}},"line":131}},"branchMap":{"0":{"loc":{"start":{"line":133,"column":13},"end":{"line":133,"column":32}},"type":"binary-expr","locations":[{"start":{"line":133,"column":13},"end":{"line":133,"column":25}},{"start":{"line":133,"column":29},"end":{"line":133,"column":32}}],"line":133}},"s":{"0":1,"1":1,"2":1,"3":1,"4":1,"5":1,"6":1,"7":1,"8":1,"9":1,"10":1,"11":1,"12":1,"13":1,"14":0,"15":1,"16":0,"17":0,"18":0,"19":0,"20":0,"21":0,"22":0,"23":0,"24":0,"25":0,"26":1,"27":0,"28":0,"29":0,"30":0,"31":0,"32":0,"33":0,"34":0,"35":0,"36":0,"37":0,"38":0,"39":1,"40":0,"41":0,"42":0,"43":0,"44":0,"45":1,"46":0,"47":0,"48":0,"49":0,"50":0,"51":0,"52":1,"53":0,"54":0,"55":0,"56":0,"57":0,"58":1,"59":0,"60":0,"61":0,"62":0,"63":0,"64":1,"65":0,"66":0,"67":0,"68":0,"69":0,"70":1,"71":0,"72":0,"73":0,"74":0,"75":0,"76":1,"77":0,"78":1,"79":0,"80":0,"81":0,"82":1},"f":{"0":1,"1":0,"2":0,"3":0,"4":0,"5":0,"6":0,"7":0,"8":0,"9":0,"10":0},"b":{"0":[0,0]},"_coverageSchema":"1a1c01bbd47fc00a2c39e90264f33305004495a9","hash":"e9ae7988fe4c5b0397e8e4417fbc677f8881ba82"}
}
