TN:
SF:db/models.js
FN:10,(anonymous_0)
FN:44,listQuestions
FN:91,listAnswers
FN:123,addQuestion
FN:138,addAnswer
FN:150,(anonymous_5)
FN:166,markQuestionHelpful
FN:178,reportQuestion
FN:190,markAnswerHelpful
FN:202,reportAnswer
FNF:10
FNH:1
FNDA:0,(anonymous_0)
FNDA:1,listQuestions
FNDA:0,listAnswers
FNDA:0,addQuestion
FNDA:0,addAnswer
FNDA:0,(anonymous_5)
FNDA:0,markQuestionHelpful
FNDA:0,reportQuestion
FNDA:0,markAnswerHelpful
FNDA:0,reportAnswer
DA:1,1
DA:3,1
DA:9,1
DA:11,0
DA:14,1
DA:18,1
DA:29,1
DA:40,1
DA:46,1
DA:83,1
DA:84,1
DA:85,1
DA:87,0
DA:93,0
DA:114,0
DA:115,0
DA:116,0
DA:118,0
DA:124,0
DA:125,0
DA:131,0
DA:132,0
DA:134,0
DA:139,0
DA:141,0
DA:142,0
DA:144,0
DA:150,0
DA:151,0
DA:154,0
DA:155,0
DA:158,0
DA:159,0
DA:160,0
DA:162,0
DA:167,0
DA:168,0
DA:169,0
DA:170,0
DA:171,0
DA:172,0
DA:174,0
DA:179,0
DA:180,0
DA:181,0
DA:182,0
DA:183,0
DA:184,0
DA:186,0
DA:191,0
DA:192,0
DA:196,0
DA:198,0
DA:203,0
DA:204,0
DA:208,0
DA:210,0
DA:214,1
LF:58
LH:12
BRF:0
BRH:0
end_of_record
TN:
SF:server/api.js
FN:10,(anonymous_0)
FN:25,(anonymous_1)
FN:41,(anonymous_2)
FN:59,(anonymous_3)
FN:70,(anonymous_4)
FN:82,(anonymous_5)
FN:93,(anonymous_6)
FN:104,(anonymous_7)
FN:115,(anonymous_8)
FN:126,(anonymous_9)
FN:131,(anonymous_10)
FNF:11
FNH:1
FNDA:1,(anonymous_0)
FNDA:0,(anonymous_1)
FNDA:0,(anonymous_2)
FNDA:0,(anonymous_3)
FNDA:0,(anonymous_4)
FNDA:0,(anonymous_5)
FNDA:0,(anonymous_6)
FNDA:0,(anonymous_7)
FNDA:0,(anonymous_8)
FNDA:0,(anonymous_9)
FNDA:0,(anonymous_10)
DA:1,1
DA:2,1
DA:3,1
DA:4,1
DA:6,1
DA:7,1
DA:10,1
DA:11,1
DA:12,1
DA:13,1
DA:14,1
DA:15,1
DA:16,1
DA:17,1
DA:19,0
DA:25,1
DA:26,0
DA:27,0
DA:28,0
DA:29,0
DA:30,0
DA:31,0
DA:32,0
DA:33,0
DA:34,0
DA:36,0
DA:41,1
DA:42,0
DA:43,0
DA:44,0
DA:45,0
DA:46,0
DA:47,0
DA:48,0
DA:49,0
DA:50,0
DA:51,0
DA:52,0
DA:54,0
DA:59,1
DA:60,0
DA:61,0
DA:62,0
DA:63,0
DA:65,0
DA:70,1
DA:71,0
DA:72,0
DA:73,0
DA:74,0
DA:75,0
DA:77,0
DA:82,1
DA:83,0
DA:84,0
DA:85,0
DA:86,0
DA:88,0
DA:93,1
DA:94,0
DA:95,0
DA:96,0
DA:97,0
DA:99,0
DA:104,1
DA:105,0
DA:106,0
DA:107,0
DA:108,0
DA:110,0
DA:115,1
DA:116,0
DA:117,0
DA:118,0
DA:119,0
DA:121,0
DA:126,1
DA:127,0
DA:131,1
DA:132,0
DA:133,0
DA:134,0
DA:142,1
LF:83
LH:25
BRDA:133,0,0,0
BRDA:133,0,1,0
BRF:2
BRH:0
end_of_record
